# JRE version: OpenJDK Runtime Environment (11.0.12+7) (build 11.0.12+7-b1504.28-7817840)
# Java VM: OpenJDK 64-Bit Server VM (11.0.12+7-b1504.28-7817840, mixed mode, tiered, compressed oops, g1 gc, windows-amd64)
Heap:
 garbage-first heap   total 175104K, used 130467K [0x0000000080000000, 0x0000000100000000)
  region size 1024K, 45 young (46080K), 1 survivors (1024K)
 Metaspace       used 101056K, capacity 103417K, committed 103724K, reserved 1138688K
  class space    used 13168K, capacity 14086K, committed 14208K, reserved 1048576K
GC Heap History (20 events):
Event: 12.394 GC heap before
{Heap before GC invocations=24 (full 0):
 garbage-first heap   total 175104K, used 137210K [0x0000000080000000, 0x0000000100000000)
  region size 1024K, 68 young (69632K), 8 survivors (8192K)
 Metaspace       used 88823K, capacity 90971K, committed 91308K, reserved 1128448K
  class space    used 11634K, capacity 12444K, committed 12544K, reserved 1048576K
}
Event: 12.404 GC heap after
{Heap after GC invocations=25 (full 0):
 garbage-first heap   total 175104K, used 78836K [0x0000000080000000, 0x0000000100000000)
  region size 1024K, 7 young (7168K), 7 survivors (7168K)
 Metaspace       used 88823K, capacity 90971K, committed 91308K, reserved 1128448K
  class space    used 11634K, capacity 12444K, committed 12544K, reserved 1048576K
}
Event: 13.030 GC heap before
{Heap before GC invocations=25 (full 0):
 garbage-first heap   total 175104K, used 139252K [0x0000000080000000, 0x0000000100000000)
  region size 1024K, 67 young (68608K), 7 survivors (7168K)
 Metaspace       used 94127K, capacity 96238K, committed 96556K, reserved 1132544K
  class space    used 12271K, capacity 13083K, committed 13184K, reserved 1048576K
}
Event: 13.036 GC heap after
{Heap after GC invocations=26 (full 0):
 garbage-first heap   total 175104K, used 84470K [0x0000000080000000, 0x0000000100000000)
  region size 1024K, 8 young (8192K), 8 survivors (8192K)
 Metaspace       used 94127K, capacity 96238K, committed 96556K, reserved 1132544K
  class space    used 12271K, capacity 13083K, committed 13184K, reserved 1048576K
}
Event: 89.555 GC heap before
{Heap before GC invocations=26 (full 0):
 garbage-first heap   total 175104K, used 137718K [0x0000000080000000, 0x0000000100000000)
  region size 1024K, 62 young (63488K), 8 survivors (8192K)
 Metaspace       used 98265K, capacity 100443K, committed 100524K, reserved 1136640K
  class space    used 12738K, capacity 13550K, committed 13568K, reserved 1048576K
}
Event: 89.573 GC heap after
{Heap after GC invocations=27 (full 0):
 garbage-first heap   total 175104K, used 86466K [0x0000000080000000, 0x0000000100000000)
  region size 1024K, 3 young (3072K), 3 survivors (3072K)
 Metaspace       used 98265K, capacity 100443K, committed 100524K, reserved 1136640K
  class space    used 12738K, capacity 13550K, committed 13568K, reserved 1048576K
}
Event: 89.909 GC heap before
{Heap before GC invocations=28 (full 0):
 garbage-first heap   total 175104K, used 145858K [0x0000000080000000, 0x0000000100000000)
  region size 1024K, 58 young (59392K), 3 survivors (3072K)
 Metaspace       used 98275K, capacity 100404K, committed 100780K, reserved 1136640K
  class space    used 12727K, capacity 13515K, committed 13568K, reserved 1048576K
}
Event: 89.912 GC heap after
{Heap after GC invocations=29 (full 0):
 garbage-first heap   total 175104K, used 89817K [0x0000000080000000, 0x0000000100000000)
  region size 1024K, 3 young (3072K), 3 survivors (3072K)
 Metaspace       used 98275K, capacity 100404K, committed 100780K, reserved 1136640K
  class space    used 12727K, capacity 13515K, committed 13568K, reserved 1048576K
}
Event: 90.237 GC heap before
{Heap before GC invocations=29 (full 0):
 garbage-first heap   total 175104K, used 145113K [0x0000000080000000, 0x0000000100000000)
  region size 1024K, 57 young (58368K), 3 survivors (3072K)
 Metaspace       used 98286K, capacity 100417K, committed 100780K, reserved 1136640K
  class space    used 12729K, capacity 13518K, committed 13568K, reserved 1048576K
}
Event: 90.241 GC heap after
{Heap after GC invocations=30 (full 0):
 garbage-first heap   total 175104K, used 90365K [0x0000000080000000, 0x0000000100000000)
  region size 1024K, 3 young (3072K), 3 survivors (3072K)
 Metaspace       used 98286K, capacity 100417K, committed 100780K, reserved 1136640K
  class space    used 12729K, capacity 13518K, committed 13568K, reserved 1048576K
}
Event: 90.544 GC heap before
{Heap before GC invocations=31 (full 0):
 garbage-first heap   total 175104K, used 147709K [0x0000000080000000, 0x0000000100000000)
  region size 1024K, 59 young (60416K), 3 survivors (3072K)
 Metaspace       used 98286K, capacity 100417K, committed 100780K, reserved 1136640K
  class space    used 12729K, capacity 13518K, committed 13568K, reserved 1048576K
}
Event: 90.548 GC heap after
{Heap after GC invocations=32 (full 0):
 garbage-first heap   total 175104K, used 91225K [0x0000000080000000, 0x0000000100000000)
  region size 1024K, 4 young (4096K), 4 survivors (4096K)
 Metaspace       used 98286K, capacity 100417K, committed 100780K, reserved 1136640K
  class space    used 12729K, capacity 13518K, committed 13568K, reserved 1048576K
}
Event: 90.847 GC heap before
{Heap before GC invocations=32 (full 0):
 garbage-first heap   total 175104K, used 147545K [0x0000000080000000, 0x0000000100000000)
  region size 1024K, 59 young (60416K), 4 survivors (4096K)
 Metaspace       used 98286K, capacity 100417K, committed 100780K, reserved 1136640K
  class space    used 12729K, capacity 13518K, committed 13568K, reserved 1048576K
}
Event: 90.854 GC heap after
{Heap after GC invocations=33 (full 0):
 garbage-first heap   total 175104K, used 91906K [0x0000000080000000, 0x0000000100000000)
  region size 1024K, 5 young (5120K), 5 survivors (5120K)
 Metaspace       used 98286K, capacity 100417K, committed 100780K, reserved 1136640K
  class space    used 12729K, capacity 13518K, committed 13568K, reserved 1048576K
}
Event: 91.170 GC heap before
{Heap before GC invocations=34 (full 0):
 garbage-first heap   total 175104K, used 148226K [0x0000000080000000, 0x0000000100000000)
  region size 1024K, 60 young (61440K), 5 survivors (5120K)
 Metaspace       used 98286K, capacity 100417K, committed 100780K, reserved 1136640K
  class space    used 12729K, capacity 13518K, committed 13568K, reserved 1048576K
}
Event: 91.175 GC heap after
{Heap after GC invocations=35 (full 0):
 garbage-first heap   total 175104K, used 92870K [0x0000000080000000, 0x0000000100000000)
  region size 1024K, 5 young (5120K), 5 survivors (5120K)
 Metaspace       used 98286K, capacity 100417K, committed 100780K, reserved 1136640K
  class space    used 12729K, capacity 13518K, committed 13568K, reserved 1048576K
}
Event: 91.542 GC heap before
{Heap before GC invocations=35 (full 0):
 garbage-first heap   total 175104K, used 149190K [0x0000000080000000, 0x0000000100000000)
  region size 1024K, 60 young (61440K), 5 survivors (5120K)
 Metaspace       used 98286K, capacity 100417K, committed 100780K, reserved 1136640K
  class space    used 12729K, capacity 13518K, committed 13568K, reserved 1048576K
}
Event: 91.547 GC heap after
{Heap after GC invocations=36 (full 0):
 garbage-first heap   total 175104K, used 93524K [0x0000000080000000, 0x0000000100000000)
  region size 1024K, 5 young (5120K), 5 survivors (5120K)
 Metaspace       used 98286K, capacity 100417K, committed 100780K, reserved 1136640K
  class space    used 12729K, capacity 13518K, committed 13568K, reserved 1048576K
}
Event: 91.864 GC heap before
{Heap before GC invocations=37 (full 0):
 garbage-first heap   total 175104K, used 149844K [0x0000000080000000, 0x0000000100000000)
  region size 1024K, 60 young (61440K), 5 survivors (5120K)
 Metaspace       used 98260K, capacity 100375K, committed 100780K, reserved 1136640K
  class space    used 12724K, capacity 13508K, committed 13568K, reserved 1048576K
}
Event: 91.866 GC heap after
{Heap after GC invocations=38 (full 0):
 garbage-first heap   total 175104K, used 86435K [0x0000000080000000, 0x0000000100000000)
  region size 1024K, 1 young (1024K), 1 survivors (1024K)
 Metaspace       used 98260K, capacity 100375K, committed 100780K, reserved 1136640K
  class space    used 12724K, capacity 13508K, committed 13568K, reserved 1048576K
}

