# JRE version: OpenJDK Runtime Environment (11.0.12+7) (build 11.0.12+7-b1504.28-7817840)
# Java VM: OpenJDK 64-Bit Server VM (11.0.12+7-b1504.28-7817840, mixed mode, tiered, compressed oops, g1 gc, windows-amd64)
Heap:
 garbage-first heap   total 239616K, used 171684K [0x0000000080000000, 0x0000000100000000)
  region size 1024K, 20 young (20480K), 2 survivors (2048K)
 Metaspace       used 123618K, capacity 126401K, committed 127052K, reserved 1159168K
  class space    used 15434K, capacity 16479K, committed 16716K, reserved 1048576K
GC Heap History (20 events):
Event: 8298.508 GC heap before
{Heap before GC invocations=73 (full 0):
 garbage-first heap   total 199680K, used 143046K [0x0000000080000000, 0x0000000100000000)
  region size 1024K, 9 young (9216K), 3 survivors (3072K)
 Metaspace       used 119841K, capacity 122669K, committed 123468K, reserved 1157120K
  class space    used 15105K, capacity 16194K, committed 16460K, reserved 1048576K
}
Event: 8298.523 GC heap after
{Heap after GC invocations=74 (full 0):
 garbage-first heap   total 199680K, used 128648K [0x0000000080000000, 0x0000000100000000)
  region size 1024K, 1 young (1024K), 1 survivors (1024K)
 Metaspace       used 119841K, capacity 122669K, committed 123468K, reserved 1157120K
  class space    used 15105K, capacity 16194K, committed 16460K, reserved 1048576K
}
Event: 8299.157 GC heap before
{Heap before GC invocations=74 (full 0):
 garbage-first heap   total 199680K, used 161416K [0x0000000080000000, 0x0000000100000000)
  region size 1024K, 34 young (34816K), 1 survivors (1024K)
 Metaspace       used 121015K, capacity 123863K, committed 124620K, reserved 1157120K
  class space    used 15225K, capacity 16314K, committed 16588K, reserved 1048576K
}
Event: 8299.177 GC heap after
{Heap after GC invocations=75 (full 0):
 garbage-first heap   total 199680K, used 134277K [0x0000000080000000, 0x0000000100000000)
  region size 1024K, 5 young (5120K), 5 survivors (5120K)
 Metaspace       used 121015K, capacity 123863K, committed 124620K, reserved 1157120K
  class space    used 15225K, capacity 16314K, committed 16588K, reserved 1048576K
}
Event: 8299.602 GC heap before
{Heap before GC invocations=76 (full 0):
 garbage-first heap   total 199680K, used 168069K [0x0000000080000000, 0x0000000100000000)
  region size 1024K, 36 young (36864K), 5 survivors (5120K)
 Metaspace       used 121051K, capacity 123780K, committed 124620K, reserved 1157120K
  class space    used 15198K, capacity 16246K, committed 16588K, reserved 1048576K
}
Event: 8299.613 GC heap after
{Heap after GC invocations=77 (full 0):
 garbage-first heap   total 199680K, used 147070K [0x0000000080000000, 0x0000000100000000)
  region size 1024K, 5 young (5120K), 5 survivors (5120K)
 Metaspace       used 121051K, capacity 123780K, committed 124620K, reserved 1157120K
  class space    used 15198K, capacity 16246K, committed 16588K, reserved 1048576K
}
Event: 8299.663 GC heap before
{Heap before GC invocations=77 (full 0):
 garbage-first heap   total 199680K, used 151166K [0x0000000080000000, 0x0000000100000000)
  region size 1024K, 9 young (9216K), 5 survivors (5120K)
 Metaspace       used 121054K, capacity 123780K, committed 124620K, reserved 1157120K
  class space    used 15198K, capacity 16246K, committed 16588K, reserved 1048576K
}
Event: 8299.673 GC heap after
{Heap after GC invocations=78 (full 0):
 garbage-first heap   total 199680K, used 147916K [0x0000000080000000, 0x0000000100000000)
  region size 1024K, 2 young (2048K), 2 survivors (2048K)
 Metaspace       used 121054K, capacity 123780K, committed 124620K, reserved 1157120K
  class space    used 15198K, capacity 16246K, committed 16588K, reserved 1048576K
}
Event: 8299.926 GC heap before
{Heap before GC invocations=78 (full 0):
 garbage-first heap   total 199680K, used 165324K [0x0000000080000000, 0x0000000100000000)
  region size 1024K, 19 young (19456K), 2 survivors (2048K)
 Metaspace       used 121925K, capacity 124647K, committed 125388K, reserved 1159168K
  class space    used 15291K, capacity 16343K, committed 16588K, reserved 1048576K
}
Event: 8299.935 GC heap after
{Heap after GC invocations=79 (full 0):
 garbage-first heap   total 199680K, used 151856K [0x0000000080000000, 0x0000000100000000)
  region size 1024K, 3 young (3072K), 3 survivors (3072K)
 Metaspace       used 121925K, capacity 124647K, committed 125388K, reserved 1159168K
  class space    used 15291K, capacity 16343K, committed 16588K, reserved 1048576K
}
Event: 8300.380 GC heap before
{Heap before GC invocations=80 (full 0):
 garbage-first heap   total 199680K, used 174384K [0x0000000080000000, 0x0000000100000000)
  region size 1024K, 18 young (18432K), 3 survivors (3072K)
 Metaspace       used 122436K, capacity 125259K, committed 126028K, reserved 1159168K
  class space    used 15339K, capacity 16397K, committed 16716K, reserved 1048576K
}
Event: 8300.390 GC heap after
{Heap after GC invocations=81 (full 0):
 garbage-first heap   total 199680K, used 154699K [0x0000000080000000, 0x0000000100000000)
  region size 1024K, 3 young (3072K), 3 survivors (3072K)
 Metaspace       used 122436K, capacity 125259K, committed 126028K, reserved 1159168K
  class space    used 15339K, capacity 16397K, committed 16716K, reserved 1048576K
}
Event: 8300.516 GC heap before
{Heap before GC invocations=81 (full 0):
 garbage-first heap   total 199680K, used 160843K [0x0000000080000000, 0x0000000100000000)
  region size 1024K, 9 young (9216K), 3 survivors (3072K)
 Metaspace       used 122456K, capacity 125259K, committed 126028K, reserved 1159168K
  class space    used 15339K, capacity 16397K, committed 16716K, reserved 1048576K
}
Event: 8300.525 GC heap after
{Heap after GC invocations=82 (full 0):
 garbage-first heap   total 199680K, used 154214K [0x0000000080000000, 0x0000000100000000)
  region size 1024K, 2 young (2048K), 2 survivors (2048K)
 Metaspace       used 122456K, capacity 125259K, committed 126028K, reserved 1159168K
  class space    used 15339K, capacity 16397K, committed 16716K, reserved 1048576K
}
Event: 8300.835 GC heap before
{Heap before GC invocations=82 (full 0):
 garbage-first heap   total 199680K, used 168550K [0x0000000080000000, 0x0000000100000000)
  region size 1024K, 16 young (16384K), 2 survivors (2048K)
 Metaspace       used 122547K, capacity 125328K, committed 126028K, reserved 1159168K
  class space    used 15345K, capacity 16398K, committed 16716K, reserved 1048576K
}
Event: 8300.842 GC heap after
{Heap after GC invocations=83 (full 0):
 garbage-first heap   total 199680K, used 155781K [0x0000000080000000, 0x0000000100000000)
  region size 1024K, 2 young (2048K), 2 survivors (2048K)
 Metaspace       used 122547K, capacity 125328K, committed 126028K, reserved 1159168K
  class space    used 15345K, capacity 16398K, committed 16716K, reserved 1048576K
}
Event: 8301.163 GC heap before
{Heap before GC invocations=84 (full 0):
 garbage-first heap   total 199680K, used 184453K [0x0000000080000000, 0x0000000100000000)
  region size 1024K, 16 young (16384K), 2 survivors (2048K)
 Metaspace       used 122774K, capacity 125562K, committed 126284K, reserved 1159168K
  class space    used 15362K, capacity 16406K, committed 16716K, reserved 1048576K
}
Event: 8301.170 GC heap after
{Heap after GC invocations=85 (full 0):
 garbage-first heap   total 199680K, used 156754K [0x0000000080000000, 0x0000000100000000)
  region size 1024K, 1 young (1024K), 1 survivors (1024K)
 Metaspace       used 122774K, capacity 125562K, committed 126284K, reserved 1159168K
  class space    used 15362K, capacity 16406K, committed 16716K, reserved 1048576K
}
Event: 8301.213 GC heap before
{Heap before GC invocations=85 (full 0):
 garbage-first heap   total 199680K, used 164946K [0x0000000080000000, 0x0000000100000000)
  region size 1024K, 9 young (9216K), 1 survivors (1024K)
 Metaspace       used 122833K, capacity 125633K, committed 126284K, reserved 1159168K
  class space    used 15368K, capacity 16445K, committed 16716K, reserved 1048576K
}
Event: 8301.223 GC heap after
{Heap after GC invocations=86 (full 0):
 garbage-first heap   total 239616K, used 155300K [0x0000000080000000, 0x0000000100000000)
  region size 1024K, 2 young (2048K), 2 survivors (2048K)
 Metaspace       used 122833K, capacity 125633K, committed 126284K, reserved 1159168K
  class space    used 15368K, capacity 16445K, committed 16716K, reserved 1048576K
}

